build/app/intermediates/manifest_merge_blame_file/release/processReleaseMainManifest/manifest-merger-blame-release-report.txt
1<?xml version="1.0" encoding="utf-8"?>
2<manifest xmlns:android="http://schemas.android.com/apk/res/android"
3    package="com.example.my_note_app"
4    android:versionCode="1001"
5    android:versionName="1.0.0" >
6
7    <uses-sdk
8        android:minSdkVersion="21"
9        android:targetSdkVersion="35" />
10
11    <uses-permission android:name="android.permission.RECORD_AUDIO" />
11-->src/main/AndroidManifest.xml:3:5-70
11-->src/main/AndroidManifest.xml:3:22-68
12    <uses-permission android:name="android.permission.INTERNET" />
12-->src/main/AndroidManifest.xml:4:5-66
12-->src/main/AndroidManifest.xml:4:22-64
13    <uses-permission android:name="android.permission.BLUETOOTH" />
13-->src/main/AndroidManifest.xml:5:5-67
13-->src/main/AndroidManifest.xml:5:22-65
14    <uses-permission android:name="android.permission.BLUETOOTH_ADMIN" />
14-->src/main/AndroidManifest.xml:6:5-73
14-->src/main/AndroidManifest.xml:6:22-71
15    <uses-permission android:name="android.permission.BLUETOOTH_CONNECT" />
15-->src/main/AndroidManifest.xml:7:5-75
15-->src/main/AndroidManifest.xml:7:22-73
16    <!--
17         Required to query activities that can process text, see:
18         https://developer.android.com/training/package-visibility and
19         https://developer.android.com/reference/android/content/Intent#ACTION_PROCESS_TEXT.
20
21         In particular, this is used by the Flutter engine in io.flutter.plugin.text.ProcessTextPlugin.
22    -->
23    <queries>
23-->src/main/AndroidManifest.xml:56:5-61:15
24        <intent>
24-->src/main/AndroidManifest.xml:57:9-60:18
25            <action android:name="android.intent.action.PROCESS_TEXT" />
25-->src/main/AndroidManifest.xml:58:13-72
25-->src/main/AndroidManifest.xml:58:21-70
26
27            <data android:mimeType="text/plain" />
27-->src/main/AndroidManifest.xml:59:13-50
27-->src/main/AndroidManifest.xml:59:19-48
28        </intent>
29    </queries>
30    <queries>
30-->src/main/AndroidManifest.xml:56:5-61:15
31        <intent>
31-->src/main/AndroidManifest.xml:64:9-66:18
32            <action android:name="android.speech.RecognitionService" />
32-->src/main/AndroidManifest.xml:65:13-72
32-->src/main/AndroidManifest.xml:65:21-69
33        </intent>
34    </queries>
35
36    <uses-permission android:name="android.permission.USE_BIOMETRIC" /> <!-- suppress DeprecatedClassUsageInspection -->
36-->[:local_auth_android] AndroidManifest.xml:7:5-72
36-->[:local_auth_android] AndroidManifest.xml:7:22-69
37    <uses-permission android:name="android.permission.USE_FINGERPRINT" />
37-->[androidx.biometric:biometric:1.1.0] AndroidManifest.xml:27:5-74
37-->[androidx.biometric:biometric:1.1.0] AndroidManifest.xml:27:22-71
38
39    <permission
39-->[androidx.core:core:1.13.1] AndroidManifest.xml:22:5-24:47
40        android:name="com.example.my_note_app.DYNAMIC_RECEIVER_NOT_EXPORTED_PERMISSION"
40-->[androidx.core:core:1.13.1] AndroidManifest.xml:23:9-81
41        android:protectionLevel="signature" />
41-->[androidx.core:core:1.13.1] AndroidManifest.xml:24:9-44
42
43    <uses-permission android:name="com.example.my_note_app.DYNAMIC_RECEIVER_NOT_EXPORTED_PERMISSION" />
43-->[androidx.core:core:1.13.1] AndroidManifest.xml:26:5-97
43-->[androidx.core:core:1.13.1] AndroidManifest.xml:26:22-94
44
45    <application
46        android:name="android.app.Application"
46-->src/main/AndroidManifest.xml:11:9-42
47        android:appComponentFactory="androidx.core.app.CoreComponentFactory"
47-->[androidx.core:core:1.13.1] AndroidManifest.xml:28:18-86
48        android:extractNativeLibs="true"
49        android:icon="@mipmap/ic_launcher"
49-->src/main/AndroidManifest.xml:12:9-43
50        android:label="my_note_app" >
50-->src/main/AndroidManifest.xml:10:9-36
51        <activity
51-->src/main/AndroidManifest.xml:13:9-34:20
52            android:name="com.example.my_note_app.MainActivity"
52-->src/main/AndroidManifest.xml:14:13-41
53            android:configChanges="orientation|keyboardHidden|keyboard|screenSize|smallestScreenSize|locale|layoutDirection|fontScale|screenLayout|density|uiMode"
53-->src/main/AndroidManifest.xml:19:13-163
54            android:exported="true"
54-->src/main/AndroidManifest.xml:15:13-36
55            android:hardwareAccelerated="true"
55-->src/main/AndroidManifest.xml:20:13-47
56            android:launchMode="singleTop"
56-->src/main/AndroidManifest.xml:16:13-43
57            android:taskAffinity=""
57-->src/main/AndroidManifest.xml:17:13-36
58            android:theme="@style/LaunchTheme"
58-->src/main/AndroidManifest.xml:18:13-47
59            android:windowSoftInputMode="adjustResize" >
59-->src/main/AndroidManifest.xml:21:13-55
60
61            <!--
62                 Specifies an Android theme to apply to this Activity as soon as
63                 the Android process has started. This theme is visible to the user
64                 while the Flutter UI initializes. After that, this theme continues
65                 to determine the Window background behind the Flutter UI.
66            -->
67            <meta-data
67-->src/main/AndroidManifest.xml:26:13-29:17
68                android:name="io.flutter.embedding.android.NormalTheme"
68-->src/main/AndroidManifest.xml:27:15-70
69                android:resource="@style/NormalTheme" />
69-->src/main/AndroidManifest.xml:28:15-52
70
71            <intent-filter>
71-->src/main/AndroidManifest.xml:30:13-33:29
72                <action android:name="android.intent.action.MAIN" />
72-->src/main/AndroidManifest.xml:31:17-68
72-->src/main/AndroidManifest.xml:31:25-66
73
74                <category android:name="android.intent.category.LAUNCHER" />
74-->src/main/AndroidManifest.xml:32:17-76
74-->src/main/AndroidManifest.xml:32:27-74
75            </intent-filter>
76        </activity>
77        <!--
78             Don't delete the meta-data below.
79             This is used by the Flutter tool to generate GeneratedPluginRegistrant.java
80        -->
81        <meta-data
81-->src/main/AndroidManifest.xml:37:9-39:33
82            android:name="flutterEmbedding"
82-->src/main/AndroidManifest.xml:38:13-44
83            android:value="2" />
83-->src/main/AndroidManifest.xml:39:13-30
84
85        <provider
86            android:name="androidx.core.content.FileProvider"
86-->src/main/AndroidManifest.xml:42:13-62
87            android:authorities="com.example.my_note_app.fileprovider"
87-->src/main/AndroidManifest.xml:43:13-64
88            android:exported="false"
88-->src/main/AndroidManifest.xml:44:13-37
89            android:grantUriPermissions="true" >
89-->src/main/AndroidManifest.xml:45:13-47
90            <meta-data
90-->src/main/AndroidManifest.xml:46:13-48:54
91                android:name="android.support.FILE_PROVIDER_PATHS"
91-->src/main/AndroidManifest.xml:47:17-67
92                android:resource="@xml/file_paths" />
92-->src/main/AndroidManifest.xml:48:17-51
93        </provider>
94        <!--
95           Declares a provider which allows us to store files to share in
96           '.../caches/share_plus' and grant the receiving action access
97        -->
98        <provider
98-->[:share_plus] AndroidManifest.xml:13:9-21:20
99            android:name="dev.fluttercommunity.plus.share.ShareFileProvider"
99-->[:share_plus] AndroidManifest.xml:14:13-77
100            android:authorities="com.example.my_note_app.flutter.share_provider"
100-->[:share_plus] AndroidManifest.xml:15:13-74
101            android:exported="false"
101-->[:share_plus] AndroidManifest.xml:16:13-37
102            android:grantUriPermissions="true" >
102-->[:share_plus] AndroidManifest.xml:17:13-47
103            <meta-data
103-->src/main/AndroidManifest.xml:46:13-48:54
104                android:name="android.support.FILE_PROVIDER_PATHS"
104-->src/main/AndroidManifest.xml:47:17-67
105                android:resource="@xml/flutter_share_file_paths" />
105-->src/main/AndroidManifest.xml:48:17-51
106        </provider>
107        <!--
108           This manifest declared broadcast receiver allows us to use an explicit
109           Intent when creating a PendingItent to be informed of the user's choice
110        -->
111        <receiver
111-->[:share_plus] AndroidManifest.xml:26:9-32:20
112            android:name="dev.fluttercommunity.plus.share.SharePlusPendingIntent"
112-->[:share_plus] AndroidManifest.xml:27:13-82
113            android:exported="false" >
113-->[:share_plus] AndroidManifest.xml:28:13-37
114            <intent-filter>
114-->[:share_plus] AndroidManifest.xml:29:13-31:29
115                <action android:name="EXTRA_CHOSEN_COMPONENT" />
115-->[:share_plus] AndroidManifest.xml:30:17-65
115-->[:share_plus] AndroidManifest.xml:30:25-62
116            </intent-filter>
117        </receiver>
118
119        <activity
119-->[:url_launcher_android] AndroidManifest.xml:8:9-11:74
120            android:name="io.flutter.plugins.urllauncher.WebViewActivity"
120-->[:url_launcher_android] AndroidManifest.xml:9:13-74
121            android:exported="false"
121-->[:url_launcher_android] AndroidManifest.xml:10:13-37
122            android:theme="@android:style/Theme.NoTitleBar.Fullscreen" />
122-->[:url_launcher_android] AndroidManifest.xml:11:13-71
123        <activity
123-->[com.google.android.gms:play-services-auth:21.0.0] AndroidManifest.xml:23:9-27:75
124            android:name="com.google.android.gms.auth.api.signin.internal.SignInHubActivity"
124-->[com.google.android.gms:play-services-auth:21.0.0] AndroidManifest.xml:24:13-93
125            android:excludeFromRecents="true"
125-->[com.google.android.gms:play-services-auth:21.0.0] AndroidManifest.xml:25:13-46
126            android:exported="false"
126-->[com.google.android.gms:play-services-auth:21.0.0] AndroidManifest.xml:26:13-37
127            android:theme="@android:style/Theme.Translucent.NoTitleBar" />
127-->[com.google.android.gms:play-services-auth:21.0.0] AndroidManifest.xml:27:13-72
128        <!--
129            Service handling Google Sign-In user revocation. For apps that do not integrate with
130            Google Sign-In, this service will never be started.
131        -->
132        <service
132-->[com.google.android.gms:play-services-auth:21.0.0] AndroidManifest.xml:33:9-37:51
133            android:name="com.google.android.gms.auth.api.signin.RevocationBoundService"
133-->[com.google.android.gms:play-services-auth:21.0.0] AndroidManifest.xml:34:13-89
134            android:exported="true"
134-->[com.google.android.gms:play-services-auth:21.0.0] AndroidManifest.xml:35:13-36
135            android:permission="com.google.android.gms.auth.api.signin.permission.REVOCATION_NOTIFICATION"
135-->[com.google.android.gms:play-services-auth:21.0.0] AndroidManifest.xml:36:13-107
136            android:visibleToInstantApps="true" />
136-->[com.google.android.gms:play-services-auth:21.0.0] AndroidManifest.xml:37:13-48
137
138        <activity
138-->[com.google.android.gms:play-services-base:18.0.1] AndroidManifest.xml:20:9-22:45
139            android:name="com.google.android.gms.common.api.GoogleApiActivity"
139-->[com.google.android.gms:play-services-base:18.0.1] AndroidManifest.xml:20:19-85
140            android:exported="false"
140-->[com.google.android.gms:play-services-base:18.0.1] AndroidManifest.xml:22:19-43
141            android:theme="@android:style/Theme.Translucent.NoTitleBar" />
141-->[com.google.android.gms:play-services-base:18.0.1] AndroidManifest.xml:21:19-78
142
143        <meta-data
143-->[com.google.android.gms:play-services-basement:18.2.0] AndroidManifest.xml:21:9-23:69
144            android:name="com.google.android.gms.version"
144-->[com.google.android.gms:play-services-basement:18.2.0] AndroidManifest.xml:22:13-58
145            android:value="@integer/google_play_services_version" />
145-->[com.google.android.gms:play-services-basement:18.2.0] AndroidManifest.xml:23:13-66
146
147        <provider
147-->[androidx.lifecycle:lifecycle-process:2.7.0] AndroidManifest.xml:24:9-32:20
148            android:name="androidx.startup.InitializationProvider"
148-->[androidx.lifecycle:lifecycle-process:2.7.0] AndroidManifest.xml:25:13-67
149            android:authorities="com.example.my_note_app.androidx-startup"
149-->[androidx.lifecycle:lifecycle-process:2.7.0] AndroidManifest.xml:26:13-68
150            android:exported="false" >
150-->[androidx.lifecycle:lifecycle-process:2.7.0] AndroidManifest.xml:27:13-37
151            <meta-data
151-->[androidx.lifecycle:lifecycle-process:2.7.0] AndroidManifest.xml:29:13-31:52
152                android:name="androidx.lifecycle.ProcessLifecycleInitializer"
152-->[androidx.lifecycle:lifecycle-process:2.7.0] AndroidManifest.xml:30:17-78
153                android:value="androidx.startup" />
153-->[androidx.lifecycle:lifecycle-process:2.7.0] AndroidManifest.xml:31:17-49
154            <meta-data
154-->[androidx.profileinstaller:profileinstaller:1.3.1] AndroidManifest.xml:29:13-31:52
155                android:name="androidx.profileinstaller.ProfileInstallerInitializer"
155-->[androidx.profileinstaller:profileinstaller:1.3.1] AndroidManifest.xml:30:17-85
156                android:value="androidx.startup" />
156-->[androidx.profileinstaller:profileinstaller:1.3.1] AndroidManifest.xml:31:17-49
157        </provider>
158
159        <uses-library
159-->[androidx.window:window:1.2.0] AndroidManifest.xml:23:9-25:40
160            android:name="androidx.window.extensions"
160-->[androidx.window:window:1.2.0] AndroidManifest.xml:24:13-54
161            android:required="false" />
161-->[androidx.window:window:1.2.0] AndroidManifest.xml:25:13-37
162        <uses-library
162-->[androidx.window:window:1.2.0] AndroidManifest.xml:26:9-28:40
163            android:name="androidx.window.sidecar"
163-->[androidx.window:window:1.2.0] AndroidManifest.xml:27:13-51
164            android:required="false" />
164-->[androidx.window:window:1.2.0] AndroidManifest.xml:28:13-37
165
166        <receiver
166-->[androidx.profileinstaller:profileinstaller:1.3.1] AndroidManifest.xml:34:9-52:20
167            android:name="androidx.profileinstaller.ProfileInstallReceiver"
167-->[androidx.profileinstaller:profileinstaller:1.3.1] AndroidManifest.xml:35:13-76
168            android:directBootAware="false"
168-->[androidx.profileinstaller:profileinstaller:1.3.1] AndroidManifest.xml:36:13-44
169            android:enabled="true"
169-->[androidx.profileinstaller:profileinstaller:1.3.1] AndroidManifest.xml:37:13-35
170            android:exported="true"
170-->[androidx.profileinstaller:profileinstaller:1.3.1] AndroidManifest.xml:38:13-36
171            android:permission="android.permission.DUMP" >
171-->[androidx.profileinstaller:profileinstaller:1.3.1] AndroidManifest.xml:39:13-57
172            <intent-filter>
172-->[androidx.profileinstaller:profileinstaller:1.3.1] AndroidManifest.xml:40:13-42:29
173                <action android:name="androidx.profileinstaller.action.INSTALL_PROFILE" />
173-->[androidx.profileinstaller:profileinstaller:1.3.1] AndroidManifest.xml:41:17-91
173-->[androidx.profileinstaller:profileinstaller:1.3.1] AndroidManifest.xml:41:25-88
174            </intent-filter>
175            <intent-filter>
175-->[androidx.profileinstaller:profileinstaller:1.3.1] AndroidManifest.xml:43:13-45:29
176                <action android:name="androidx.profileinstaller.action.SKIP_FILE" />
176-->[androidx.profileinstaller:profileinstaller:1.3.1] AndroidManifest.xml:44:17-85
176-->[androidx.profileinstaller:profileinstaller:1.3.1] AndroidManifest.xml:44:25-82
177            </intent-filter>
178            <intent-filter>
178-->[androidx.profileinstaller:profileinstaller:1.3.1] AndroidManifest.xml:46:13-48:29
179                <action android:name="androidx.profileinstaller.action.SAVE_PROFILE" />
179-->[androidx.profileinstaller:profileinstaller:1.3.1] AndroidManifest.xml:47:17-88
179-->[androidx.profileinstaller:profileinstaller:1.3.1] AndroidManifest.xml:47:25-85
180            </intent-filter>
181            <intent-filter>
181-->[androidx.profileinstaller:profileinstaller:1.3.1] AndroidManifest.xml:49:13-51:29
182                <action android:name="androidx.profileinstaller.action.BENCHMARK_OPERATION" />
182-->[androidx.profileinstaller:profileinstaller:1.3.1] AndroidManifest.xml:50:17-95
182-->[androidx.profileinstaller:profileinstaller:1.3.1] AndroidManifest.xml:50:25-92
183            </intent-filter>
184        </receiver>
185    </application>
186
187</manifest>